_ZN4llvm11raw_ostreamlsENS_9StringRefE|1|Str|class llvm::StringRef|Str.coerce0|i8*|64
_ZN4llvm11raw_ostreamlsENS_9StringRefE|2|Str|class llvm::StringRef|Str.coerce1|i64|64
_ZZN12_GLOBAL__N_110Attributes26emitTargetIndependentNamesERN4llvm11raw_ostreamEENK3$_0clENS1_8ArrayRefINS1_9StringRefEEES6_|1|KindNames|ArrayRef<class llvm::StringRef>|KindNames.coerce0|%"class.llvm::StringRef"*|64
_ZZN12_GLOBAL__N_110Attributes26emitTargetIndependentNamesERN4llvm11raw_ostreamEENK3$_0clENS1_8ArrayRefINS1_9StringRefEEES6_|2|KindNames|ArrayRef<class llvm::StringRef>|KindNames.coerce1|i64|64
_ZZN12_GLOBAL__N_110Attributes26emitTargetIndependentNamesERN4llvm11raw_ostreamEENK3$_0clENS1_8ArrayRefINS1_9StringRefEEES6_|3|MacroName|class llvm::StringRef|MacroName.coerce0|i8*|64
_ZZN12_GLOBAL__N_110Attributes26emitTargetIndependentNamesERN4llvm11raw_ostreamEENK3$_0clENS1_8ArrayRefINS1_9StringRefEEES6_|4|MacroName|class llvm::StringRef|MacroName.coerce1|i64|64
_ZNK4llvm14CodeGenHwModes11getHwModeIdENS_9StringRefE|1|Name|class llvm::StringRef|Name.coerce0|i8*|64
_ZNK4llvm14CodeGenHwModes11getHwModeIdENS_9StringRefE|2|Name|class llvm::StringRef|Name.coerce1|i64|64
_ZN4llvm11raw_ostreamlsENS_9StringRefE|1|Str|class llvm::StringRef|Str.coerce0|i8*|64
_ZN4llvm11raw_ostreamlsENS_9StringRefE|2|Str|class llvm::StringRef|Str.coerce1|i64|64
_ZN4llvm5TwineC2ENS0_5ChildENS0_8NodeKindES1_S2_|1|LHS|union llvm::Twine::Child|LHS.coerce|%"class.llvm::Twine"*|64
_ZN4llvm5TwineC2ENS0_5ChildENS0_8NodeKindES1_S2_|3|RHS|union llvm::Twine::Child|RHS.coerce|%"class.llvm::Twine"*|64
_ZN4llvmneENS_9StringRefES0_|0|LHS|class llvm::StringRef|LHS.coerce0|i8*|64
_ZN4llvmneENS_9StringRefES0_|1|LHS|class llvm::StringRef|LHS.coerce1|i64|64
_ZN4llvmneENS_9StringRefES0_|2|RHS|class llvm::StringRef|RHS.coerce0|i8*|64
_ZN4llvmneENS_9StringRefES0_|3|RHS|class llvm::StringRef|RHS.coerce1|i64|64
_ZN4llvmeqENS_9StringRefES0_|0|LHS|class llvm::StringRef|LHS.coerce0|i8*|64
_ZN4llvmeqENS_9StringRefES0_|1|LHS|class llvm::StringRef|LHS.coerce1|i64|64
_ZN4llvmeqENS_9StringRefES0_|2|RHS|class llvm::StringRef|RHS.coerce0|i8*|64
_ZN4llvmeqENS_9StringRefES0_|3|RHS|class llvm::StringRef|RHS.coerce1|i64|64
_ZNK4llvm9StringRef6equalsES0_|1|RHS|class llvm::StringRef|RHS.coerce0|i8*|64
_ZNK4llvm9StringRef6equalsES0_|2|RHS|class llvm::StringRef|RHS.coerce1|i64|64
_ZNSt6vectorISt4pairIjPN4llvm6RecordEESaIS4_EE17_M_realloc_insertIJS4_EEEvN9__gnu_cxx17__normal_iteratorIPS4_S6_EEDpOT_|1|__position|std::vector<struct std::pair<unsigned int, class llvm::Record *> >::iterator|__position.coerce|%"struct.std::pair"*|64
_ZNSt6vectorIPN4llvm6RecordESaIS2_EE5eraseEN9__gnu_cxx17__normal_iteratorIPKS2_S4_EE|1|__position|std::vector<class llvm::Record *>::const_iterator|__position.coerce|%"class.llvm::Record"**|64
_ZNSt6vectorIPN4llvm6RecordESaIS2_EE8_M_eraseEN9__gnu_cxx17__normal_iteratorIPS2_S4_EE|1|__position|std::vector<class llvm::Record *>::iterator|__position.coerce|%"class.llvm::Record"**|64
_ZSt4moveIN9__gnu_cxx17__normal_iteratorIPPN4llvm6RecordESt6vectorIS4_SaIS4_EEEES9_ET0_T_SB_SA_|0|__first|class __gnu_cxx::__normal_iterator<class llvm::Record **, class std::vector<class llvm::Record *> >|__first.coerce|%"class.llvm::Record"**|64
_ZSt4moveIN9__gnu_cxx17__normal_iteratorIPPN4llvm6RecordESt6vectorIS4_SaIS4_EEEES9_ET0_T_SB_SA_|1|__last|class __gnu_cxx::__normal_iterator<class llvm::Record **, class std::vector<class llvm::Record *> >|__last.coerce|%"class.llvm::Record"**|64
_ZSt4moveIN9__gnu_cxx17__normal_iteratorIPPN4llvm6RecordESt6vectorIS4_SaIS4_EEEES9_ET0_T_SB_SA_|2|__result|class __gnu_cxx::__normal_iterator<class llvm::Record **, class std::vector<class llvm::Record *> >|__result.coerce|%"class.llvm::Record"**|64
_ZSt14__copy_move_a2ILb1EN9__gnu_cxx17__normal_iteratorIPPN4llvm6RecordESt6vectorIS4_SaIS4_EEEES9_ET1_T0_SB_SA_|0|__first|class __gnu_cxx::__normal_iterator<class llvm::Record **, class std::vector<class llvm::Record *> >|__first.coerce|%"class.llvm::Record"**|64
_ZNSt6vectorIN4llvm16AsmWriterOperandESaIS1_EE17_M_realloc_insertIJS1_EEEvN9__gnu_cxx17__normal_iteratorIPS1_S3_EEDpOT_|1|__position|std::vector<struct llvm::AsmWriterOperand>::iterator|__position.coerce|%"struct.llvm::AsmWriterOperand"*|64
_ZSt14__copy_move_a2ILb1EN9__gnu_cxx17__normal_iteratorIPPN4llvm6RecordESt6vectorIS4_SaIS4_EEEES9_ET1_T0_SB_SA_|1|__last|class __gnu_cxx::__normal_iterator<class llvm::Record **, class std::vector<class llvm::Record *> >|__last.coerce|%"class.llvm::Record"**|64
_ZSt14__copy_move_a2ILb1EN9__gnu_cxx17__normal_iteratorIPPN4llvm6RecordESt6vectorIS4_SaIS4_EEEES9_ET1_T0_SB_SA_|2|__result|class __gnu_cxx::__normal_iterator<class llvm::Record **, class std::vector<class llvm::Record *> >|__result.coerce|%"class.llvm::Record"**|64
_ZSt12__niter_wrapIN9__gnu_cxx17__normal_iteratorIPPN4llvm6RecordESt6vectorIS4_SaIS4_EEEES5_ET_SA_T0_|0|__from|class __gnu_cxx::__normal_iterator<class llvm::Record **, class std::vector<class llvm::Record *> >|__from.coerce|%"class.llvm::Record"**|64
_ZSt12__niter_baseIPPN4llvm6RecordESt6vectorIS2_SaIS2_EEET_N9__gnu_cxx17__normal_iteratorIS7_T0_EE|0|__it|__gnu_cxx::__normal_iterator<Record **, vector<Record *> >|__it.coerce|%"class.llvm::Record"**|64
_ZSt12__miter_baseIN9__gnu_cxx17__normal_iteratorIPPN4llvm6RecordESt6vectorIS4_SaIS4_EEEEET_SA_|0|__it|class __gnu_cxx::__normal_iterator<class llvm::Record **, class std::vector<class llvm::Record *> >|__it.coerce|%"class.llvm::Record"**|64
_ZNSt6vectorIN4llvm6HwModeESaIS1_EE17_M_realloc_insertIJRPNS0_6RecordEEEEvN9__gnu_cxx17__normal_iteratorIPS1_S3_EEDpOT_|1|__position|std::vector<struct llvm::HwMode>::iterator|__position.coerce|%"struct.llvm::HwMode"*|64
_ZN4llvm9StringMapIjNS_15MallocAllocatorEE11try_emplaceIJjEEESt4pairINS_17StringMapIteratorIjEEbENS_9StringRefEDpOT_|1|Key|class llvm::StringRef|Key.coerce0|i8*|64
_ZN4llvm9StringMapIjNS_15MallocAllocatorEE11try_emplaceIJjEEESt4pairINS_17StringMapIteratorIjEEbENS_9StringRefEDpOT_|2|Key|class llvm::StringRef|Key.coerce1|i64|64
_ZN4llvm14StringMapEntryIjE6CreateINS_15MallocAllocatorEJjEEEPS1_NS_9StringRefERT_DpOT0_|0|key|class llvm::StringRef|key.coerce0|i8*|64
_ZN4llvm14StringMapEntryIjE6CreateINS_15MallocAllocatorEJjEEEPS1_NS_9StringRefERT_DpOT0_|1|key|class llvm::StringRef|key.coerce1|i64|64
_ZN4llvm5TwineC2ENS0_5ChildENS0_8NodeKindES1_S2_|1|LHS|union llvm::Twine::Child|LHS.coerce|%"class.llvm::Twine"*|64
_ZN4llvm5TwineC2ENS0_5ChildENS0_8NodeKindES1_S2_|3|RHS|union llvm::Twine::Child|RHS.coerce|%"class.llvm::Twine"*|64
_ZNSt6vectorIbSaIbEE15_M_copy_alignedESt19_Bit_const_iteratorS2_St13_Bit_iterator|1|__first|std::vector<_Bool, type-parameter-0-0>::const_iterator|__first.coerce0|i64*|64
_ZNSt6vectorIbSaIbEE15_M_copy_alignedESt19_Bit_const_iteratorS2_St13_Bit_iterator|2|__first|std::vector<_Bool, type-parameter-0-0>::const_iterator|__first.coerce1|i32|32
_ZNSt6vectorIbSaIbEE15_M_copy_alignedESt19_Bit_const_iteratorS2_St13_Bit_iterator|3|__last|std::vector<_Bool, type-parameter-0-0>::const_iterator|__last.coerce0|i64*|64
_ZNSt6vectorIbSaIbEE15_M_copy_alignedESt19_Bit_const_iteratorS2_St13_Bit_iterator|4|__last|std::vector<_Bool, type-parameter-0-0>::const_iterator|__last.coerce1|i32|32
_ZSt4copyISt19_Bit_const_iteratorSt13_Bit_iteratorET0_T_S3_S2_|0|__first|struct std::_Bit_const_iterator|__first.coerce0|i64*|64
_ZSt4copyISt19_Bit_const_iteratorSt13_Bit_iteratorET0_T_S3_S2_|1|__first|struct std::_Bit_const_iterator|__first.coerce1|i32|32
_ZSt4copyISt19_Bit_const_iteratorSt13_Bit_iteratorET0_T_S3_S2_|2|__last|struct std::_Bit_const_iterator|__last.coerce0|i64*|64
_ZSt4copyISt19_Bit_const_iteratorSt13_Bit_iteratorET0_T_S3_S2_|3|__last|struct std::_Bit_const_iterator|__last.coerce1|i32|32
_ZSt4copyISt19_Bit_const_iteratorSt13_Bit_iteratorET0_T_S3_S2_|4|__result|struct std::_Bit_iterator|__result.coerce0|i64*|64
_ZSt4copyISt19_Bit_const_iteratorSt13_Bit_iteratorET0_T_S3_S2_|5|__result|struct std::_Bit_iterator|__result.coerce1|i32|32
_ZSt14__copy_move_a2ILb0ESt19_Bit_const_iteratorSt13_Bit_iteratorET1_T0_S3_S2_|0|__first|struct std::_Bit_const_iterator|__first.coerce0|i64*|64
_ZSt14__copy_move_a2ILb0ESt19_Bit_const_iteratorSt13_Bit_iteratorET1_T0_S3_S2_|1|__first|struct std::_Bit_const_iterator|__first.coerce1|i32|32
_ZSt14__copy_move_a2ILb0ESt19_Bit_const_iteratorSt13_Bit_iteratorET1_T0_S3_S2_|2|__last|struct std::_Bit_const_iterator|__last.coerce0|i64*|64
_ZSt14__copy_move_a2ILb0ESt19_Bit_const_iteratorSt13_Bit_iteratorET1_T0_S3_S2_|3|__last|struct std::_Bit_const_iterator|__last.coerce1|i32|32
_ZSt14__copy_move_a2ILb0ESt19_Bit_const_iteratorSt13_Bit_iteratorET1_T0_S3_S2_|4|__result|struct std::_Bit_iterator|__result.coerce0|i64*|64
_ZSt14__copy_move_a2ILb0ESt19_Bit_const_iteratorSt13_Bit_iteratorET1_T0_S3_S2_|5|__result|struct std::_Bit_iterator|__result.coerce1|i32|32
_ZSt12__niter_wrapISt13_Bit_iteratorET_RKS1_S1_|1|__res|struct std::_Bit_iterator|__res.coerce0|i64*|64
_ZSt12__niter_wrapISt13_Bit_iteratorET_RKS1_S1_|2|__res|struct std::_Bit_iterator|__res.coerce1|i32|32
_ZSt13__copy_move_aILb0ESt19_Bit_const_iteratorSt13_Bit_iteratorET1_T0_S3_S2_|0|__first|struct std::_Bit_const_iterator|__first.coerce0|i64*|64
_ZSt13__copy_move_aILb0ESt19_Bit_const_iteratorSt13_Bit_iteratorET1_T0_S3_S2_|1|__first|struct std::_Bit_const_iterator|__first.coerce1|i32|32
_ZSt13__copy_move_aILb0ESt19_Bit_const_iteratorSt13_Bit_iteratorET1_T0_S3_S2_|2|__last|struct std::_Bit_const_iterator|__last.coerce0|i64*|64
_ZSt13__copy_move_aILb0ESt19_Bit_const_iteratorSt13_Bit_iteratorET1_T0_S3_S2_|3|__last|struct std::_Bit_const_iterator|__last.coerce1|i32|32
_ZSt13__copy_move_aILb0ESt19_Bit_const_iteratorSt13_Bit_iteratorET1_T0_S3_S2_|4|__result|struct std::_Bit_iterator|__result.coerce0|i64*|64
_ZSt13__copy_move_aILb0ESt19_Bit_const_iteratorSt13_Bit_iteratorET1_T0_S3_S2_|5|__result|struct std::_Bit_iterator|__result.coerce1|i32|32
_ZNSt11__copy_moveILb0ELb0ESt26random_access_iterator_tagE8__copy_mISt19_Bit_const_iteratorSt13_Bit_iteratorEET0_T_S6_S5_|0|__first|struct std::_Bit_const_iterator|__first.coerce0|i64*|64
_ZNSt11__copy_moveILb0ELb0ESt26random_access_iterator_tagE8__copy_mISt19_Bit_const_iteratorSt13_Bit_iteratorEET0_T_S6_S5_|1|__first|struct std::_Bit_const_iterator|__first.coerce1|i32|32
_ZNSt11__copy_moveILb0ELb0ESt26random_access_iterator_tagE8__copy_mISt19_Bit_const_iteratorSt13_Bit_iteratorEET0_T_S6_S5_|2|__last|struct std::_Bit_const_iterator|__last.coerce0|i64*|64
_ZNSt11__copy_moveILb0ELb0ESt26random_access_iterator_tagE8__copy_mISt19_Bit_const_iteratorSt13_Bit_iteratorEET0_T_S6_S5_|3|__last|struct std::_Bit_const_iterator|__last.coerce1|i32|32
_ZNSt11__copy_moveILb0ELb0ESt26random_access_iterator_tagE8__copy_mISt19_Bit_const_iteratorSt13_Bit_iteratorEET0_T_S6_S5_|4|__result|struct std::_Bit_iterator|__result.coerce0|i64*|64
_ZNSt11__copy_moveILb0ELb0ESt26random_access_iterator_tagE8__copy_mISt19_Bit_const_iteratorSt13_Bit_iteratorEET0_T_S6_S5_|5|__result|struct std::_Bit_iterator|__result.coerce1|i32|32
_ZSt12__niter_baseISt19_Bit_const_iteratorET_S1_|0|__it|struct std::_Bit_const_iterator|__it.coerce0|i64*|64
_ZSt12__niter_baseISt19_Bit_const_iteratorET_S1_|1|__it|struct std::_Bit_const_iterator|__it.coerce1|i32|32
_ZSt12__niter_baseISt13_Bit_iteratorET_S1_|0|__it|struct std::_Bit_iterator|__it.coerce0|i64*|64
_ZSt12__niter_baseISt13_Bit_iteratorET_S1_|1|__it|struct std::_Bit_iterator|__it.coerce1|i32|32
_ZSt12__miter_baseISt19_Bit_const_iteratorET_S1_|0|__it|struct std::_Bit_const_iterator|__it.coerce0|i64*|64
_ZSt12__miter_baseISt19_Bit_const_iteratorET_S1_|1|__it|struct std::_Bit_const_iterator|__it.coerce1|i32|32
_ZNK4llvm9StringMapIjNS_15MallocAllocatorEE4findENS_9StringRefE|1|Key|class llvm::StringRef|Key.coerce0|i8*|64
_ZNK4llvm9StringMapIjNS_15MallocAllocatorEE4findENS_9StringRefE|2|Key|class llvm::StringRef|Key.coerce1|i64|64
_ZSt22__uninitialized_copy_aIN9__gnu_cxx17__normal_iteratorIPKN4llvm14CGIOperandList14ConstraintInfoESt6vectorIS4_SaIS4_EEEEPS4_S4_ET0_T_SD_SC_RSaIT1_E|0|__first|class __gnu_cxx::__normal_iterator<const class llvm::CGIOperandList::ConstraintInfo *, class std::vector<class llvm::CGIOperandList::ConstraintInfo> >|__first.coerce|%"class.llvm::CGIOperandList::ConstraintInfo"*|64
_ZSt22__uninitialized_copy_aIN9__gnu_cxx17__normal_iteratorIPKN4llvm14CGIOperandList14ConstraintInfoESt6vectorIS4_SaIS4_EEEEPS4_S4_ET0_T_SD_SC_RSaIT1_E|1|__last|class __gnu_cxx::__normal_iterator<const class llvm::CGIOperandList::ConstraintInfo *, class std::vector<class llvm::CGIOperandList::ConstraintInfo> >|__last.coerce|%"class.llvm::CGIOperandList::ConstraintInfo"*|64
_ZSt18uninitialized_copyIN9__gnu_cxx17__normal_iteratorIPKN4llvm14CGIOperandList14ConstraintInfoESt6vectorIS4_SaIS4_EEEEPS4_ET0_T_SD_SC_|0|__first|class __gnu_cxx::__normal_iterator<const class llvm::CGIOperandList::ConstraintInfo *, class std::vector<class llvm::CGIOperandList::ConstraintInfo> >|__first.coerce|%"class.llvm::CGIOperandList::ConstraintInfo"*|64
_ZSt18uninitialized_copyIN9__gnu_cxx17__normal_iteratorIPKN4llvm14CGIOperandList14ConstraintInfoESt6vectorIS4_SaIS4_EEEEPS4_ET0_T_SD_SC_|1|__last|class __gnu_cxx::__normal_iterator<const class llvm::CGIOperandList::ConstraintInfo *, class std::vector<class llvm::CGIOperandList::ConstraintInfo> >|__last.coerce|%"class.llvm::CGIOperandList::ConstraintInfo"*|64
_ZNSt20__uninitialized_copyILb0EE13__uninit_copyIN9__gnu_cxx17__normal_iteratorIPKN4llvm14CGIOperandList14ConstraintInfoESt6vectorIS6_SaIS6_EEEEPS6_EET0_T_SF_SE_|0|__first|class __gnu_cxx::__normal_iterator<const class llvm::CGIOperandList::ConstraintInfo *, class std::vector<class llvm::CGIOperandList::ConstraintInfo> >|__first.coerce|%"class.llvm::CGIOperandList::ConstraintInfo"*|64
_ZNSt20__uninitialized_copyILb0EE13__uninit_copyIN9__gnu_cxx17__normal_iteratorIPKN4llvm14CGIOperandList14ConstraintInfoESt6vectorIS6_SaIS6_EEEEPS6_EET0_T_SF_SE_|1|__last|class __gnu_cxx::__normal_iterator<const class llvm::CGIOperandList::ConstraintInfo *, class std::vector<class llvm::CGIOperandList::ConstraintInfo> >|__last.coerce|%"class.llvm::CGIOperandList::ConstraintInfo"*|64
_ZNSt7__cxx1112basic_stringIcSt11char_traitsIcESaIcEEC2IN9__gnu_cxx17__normal_iteratorIPcS4_EEvEET_SA_RKS3_|1|__beg|class __gnu_cxx::__normal_iterator<char *, class std::basic_string<char> >|__beg.coerce|i8*|64
_ZNSt7__cxx1112basic_stringIcSt11char_traitsIcESaIcEEC2IN9__gnu_cxx17__normal_iteratorIPcS4_EEvEET_SA_RKS3_|2|__end|class __gnu_cxx::__normal_iterator<char *, class std::basic_string<char> >|__end.coerce|i8*|64
_ZNSt7__cxx1112basic_stringIcSt11char_traitsIcESaIcEE12_M_constructIN9__gnu_cxx17__normal_iteratorIPcS4_EEEEvT_SA_|1|__beg|class __gnu_cxx::__normal_iterator<char *, class std::basic_string<char> >|__beg.coerce|i8*|64
_ZNSt7__cxx1112basic_stringIcSt11char_traitsIcESaIcEE12_M_constructIN9__gnu_cxx17__normal_iteratorIPcS4_EEEEvT_SA_|2|__end|class __gnu_cxx::__normal_iterator<char *, class std::basic_string<char> >|__end.coerce|i8*|64
_ZNSt7__cxx1112basic_stringIcSt11char_traitsIcESaIcEE16_M_construct_auxIN9__gnu_cxx17__normal_iteratorIPcS4_EEEEvT_SA_St12__false_type|1|__beg|class __gnu_cxx::__normal_iterator<char *, class std::basic_string<char> >|__beg.coerce|i8*|64
_ZNSt7__cxx1112basic_stringIcSt11char_traitsIcESaIcEE16_M_construct_auxIN9__gnu_cxx17__normal_iteratorIPcS4_EEEEvT_SA_St12__false_type|2|__end|class __gnu_cxx::__normal_iterator<char *, class std::basic_string<char> >|__end.coerce|i8*|64
_ZNSt7__cxx1112basic_stringIcSt11char_traitsIcESaIcEE12_M_constructIN9__gnu_cxx17__normal_iteratorIPcS4_EEEEvT_SA_St20forward_iterator_tag|1|__beg|class __gnu_cxx::__normal_iterator<char *, class std::basic_string<char> >|__beg.coerce|i8*|64
_ZNSt7__cxx1112basic_stringIcSt11char_traitsIcESaIcEE12_M_constructIN9__gnu_cxx17__normal_iteratorIPcS4_EEEEvT_SA_St20forward_iterator_tag|2|__end|class __gnu_cxx::__normal_iterator<char *, class std::basic_string<char> >|__end.coerce|i8*|64
_ZN9__gnu_cxx17__is_null_pointerINS_17__normal_iteratorIPcNSt7__cxx1112basic_stringIcSt11char_traitsIcESaIcEEEEEEEbT_|0||class __gnu_cxx::__normal_iterator<char *, class std::basic_string<char> >|.coerce|i8*|64
_ZSt8distanceIN9__gnu_cxx17__normal_iteratorIPcNSt7__cxx1112basic_stringIcSt11char_traitsIcESaIcEEEEEENSt15iterator_traitsIT_E15difference_typeESB_SB_|0|__first|class __gnu_cxx::__normal_iterator<char *, class std::basic_string<char> >|__first.coerce|i8*|64
_ZSt8distanceIN9__gnu_cxx17__normal_iteratorIPcNSt7__cxx1112basic_stringIcSt11char_traitsIcESaIcEEEEEENSt15iterator_traitsIT_E15difference_typeESB_SB_|1|__last|class __gnu_cxx::__normal_iterator<char *, class std::basic_string<char> >|__last.coerce|i8*|64
_ZSt10__distanceIN9__gnu_cxx17__normal_iteratorIPcNSt7__cxx1112basic_stringIcSt11char_traitsIcESaIcEEEEEENSt15iterator_traitsIT_E15difference_typeESB_SB_St26random_access_iterator_tag|0|__first|class __gnu_cxx::__normal_iterator<char *, class std::basic_string<char> >|__first.coerce|i8*|64
_ZSt10__distanceIN9__gnu_cxx17__normal_iteratorIPcNSt7__cxx1112basic_stringIcSt11char_traitsIcESaIcEEEEEENSt15iterator_traitsIT_E15difference_typeESB_SB_St26random_access_iterator_tag|1|__last|class __gnu_cxx::__normal_iterator<char *, class std::basic_string<char> >|__last.coerce|i8*|64
_ZNSt6vectorIN4llvm16AsmWriterOperandESaIS1_EE17_M_realloc_insertIJRA13_KcjRNSt7__cxx1112basic_stringIcSt11char_traitsIcESaIcEEEEEEvN9__gnu_cxx17__normal_iteratorIPS1_S3_EEDpOT_|1|__position|std::vector<struct llvm::AsmWriterOperand>::iterator|__position.coerce|%"struct.llvm::AsmWriterOperand"*|64
_ZNSt6vectorIN4llvm16AsmWriterOperandESaIS1_EE17_M_realloc_insertIJRNSt7__cxx1112basic_stringIcSt11char_traitsIcESaIcEEERjSB_NS1_6OpTypeEbEEEvN9__gnu_cxx17__normal_iteratorIPS1_S3_EEDpOT_|1|__position|std::vector<struct llvm::AsmWriterOperand>::iterator|__position.coerce|%"struct.llvm::AsmWriterOperand"*|64
_ZNSt6vectorIN4llvm16AsmWriterOperandESaIS1_EE17_M_realloc_insertIJRA8_KcNS1_6OpTypeEEEEvN9__gnu_cxx17__normal_iteratorIPS1_S3_EEDpOT_|1|__position|std::vector<struct llvm::AsmWriterOperand>::iterator|__position.coerce|%"struct.llvm::AsmWriterOperand"*|64
