This file contains any messages produced by compilers while
running configure, to aid debugging if configure makes a mistake.

It was created by LibTIFF Software configure 4.3.0, which was
generated by GNU Autoconf 2.71.  Invocation command line was

  $ ./configure --disable-shared --prefix=/libfuzzpp/targets/libtiff/work

## --------- ##
## Platform. ##
## --------- ##

hostname = 28658753d7c1
uname -m = x86_64
uname -r = 5.13.0-27-generic
uname -s = Linux
uname -v = #29~20.04.1-Ubuntu SMP Fri Jan 14 00:32:30 UTC 2022

/usr/bin/uname -p = x86_64
/bin/uname -X     = unknown

/bin/arch              = x86_64
/usr/bin/arch -k       = unknown
/usr/convex/getsysinfo = unknown
/usr/bin/hostinfo      = unknown
/bin/machine           = unknown
/usr/bin/oslevel       = unknown
/bin/universe          = unknown

PATH: /usr/local/sbin/
PATH: /usr/local/bin/
PATH: /usr/sbin/
PATH: /usr/bin/
PATH: /sbin/
PATH: /bin/


## ----------- ##
## Core tests. ##
## ----------- ##

configure:3292: looking for aux files: ltmain.sh compile missing install-sh config.guess config.sub
configure:3305:  trying ./config/
configure:3334:   ./config/ltmain.sh found
configure:3334:   ./config/compile found
configure:3334:   ./config/missing found
configure:3316:   ./config/install-sh found
configure:3334:   ./config/config.guess found
configure:3334:   ./config/config.sub found
configure:3461: checking build system type
configure:3476: result: x86_64-pc-linux-gnu
configure:3496: checking host system type
configure:3510: result: x86_64-pc-linux-gnu
configure:3548: checking for a BSD-compatible install
configure:3621: result: /usr/bin/install -c
configure:3632: checking whether build environment is sane
configure:3687: result: yes
configure:3846: checking for a race-free mkdir -p
configure:3890: result: /usr/bin/mkdir -p
configure:3897: checking for gawk
configure:3932: result: no
configure:3897: checking for mawk
configure:3918: found /usr/bin/mawk
configure:3929: result: mawk
configure:3940: checking whether make sets $(MAKE)
configure:3963: result: yes
configure:3993: checking whether make supports nested variables
configure:4011: result: yes
configure:4096: checking whether UID '1000' is supported by ustar format
configure:4099: result: yes
configure:4106: checking whether GID '1000' is supported by ustar format
configure:4109: result: yes
configure:4117: checking how to create a ustar tar archive
configure:4128: tar --version
tar (GNU tar) 1.34
Copyright (C) 2021 Free Software Foundation, Inc.
License GPLv3+: GNU GPL version 3 or later <https://gnu.org/licenses/gpl.html>.
This is free software: you are free to change and redistribute it.
There is NO WARRANTY, to the extent permitted by law.

Written by John Gilmore and Jay Fenlason.
configure:4131: $? = 0
configure:4171: tardir=conftest.dir && eval tar --format=ustar -chf - "$tardir" >conftest.tar
configure:4174: $? = 0
configure:4178: tar -xf - <conftest.tar
configure:4181: $? = 0
configure:4183: cat conftest.dir/file
GrepMe
configure:4186: $? = 0
configure:4200: result: gnutar
configure:4265: checking whether to enable maintainer-specific portions of Makefiles
configure:4275: result: no
configure:4335: checking whether make supports the include directive
configure:4350: make -f confmf.GNU && cat confinc.out
this is the am__doit target
configure:4353: $? = 0
configure:4372: result: yes (GNU style)
configure:4448: checking for gcc
configure:4480: result: /libfuzzpp/fuzzers/aflplusplus_lto_asan/repo/afl-clang-lto
configure:4833: checking for C compiler version
configure:4842: /libfuzzpp/fuzzers/aflplusplus_lto_asan/repo/afl-clang-lto --version >&5
Ubuntu clang version 11.1.0-6
Target: x86_64-pc-linux-gnu
Thread model: posix
InstalledDir: /usr/lib/llvm-11/bin
configure:4853: $? = 0
configure:4842: /libfuzzpp/fuzzers/aflplusplus_lto_asan/repo/afl-clang-lto -v >&5
Ubuntu clang version 11.1.0-6
Target: x86_64-pc-linux-gnu
Thread model: posix
InstalledDir: /usr/lib/llvm-11/bin
Found candidate GCC installation: /usr/lib/gcc/x86_64-linux-gnu/11
Selected GCC installation: /usr/lib/gcc/x86_64-linux-gnu/11
Candidate multilib: .;@m64
Selected multilib: .;@m64
 "/usr/lib/llvm-11/bin/ld.lld" --build-id --eh-frame-hdr -m elf_x86_64 -dynamic-linker /lib64/ld-linux-x86-64.so.2 -o a.out /usr/lib/gcc/x86_64-linux-gnu/11/../../../x86_64-linux-gnu/crt1.o /usr/lib/gcc/x86_64-linux-gnu/11/../../../x86_64-linux-gnu/crti.o /usr/lib/gcc/x86_64-linux-gnu/11/crtbegin.o -L/usr/lib/gcc/x86_64-linux-gnu/11 -L/usr/lib/gcc/x86_64-linux-gnu/11/../../../x86_64-linux-gnu -L/usr/lib/gcc/x86_64-linux-gnu/11/../../../../lib64 -L/lib/x86_64-linux-gnu -L/lib/../lib64 -L/usr/lib/x86_64-linux-gnu -L/usr/lib/../lib64 -L/usr/lib/x86_64-linux-gnu/../../lib64 -L/usr/lib/gcc/x86_64-linux-gnu/11/../../.. -L/usr/lib/llvm-11/bin/../lib -L/lib -L/usr/lib -plugin-opt=mcpu=x86-64 -plugin-opt=O3 --whole-archive /usr/lib/llvm-11/lib/clang/11.1.0/lib/linux/libclang_rt.asan-x86_64.a --no-whole-archive --dynamic-list=/usr/lib/llvm-11/lib/clang/11.1.0/lib/linux/libclang_rt.asan-x86_64.a.syms --allow-multiple-definition -mllvm=-load=/libfuzzpp/fuzzers/aflplusplus_lto_asan/repo/SanitizerCoverageLTO.so /libfuzzpp/fuzzers/aflplusplus_lto_asan/repo/afl-compiler-rt.o /libfuzzpp/fuzzers/aflplusplus_lto_asan/repo/afl-llvm-rt-lto.o --dynamic-list=/libfuzzpp/fuzzers/aflplusplus_lto_asan/repo/dynamic_list.txt --no-as-needed -lpthread -lrt -lm -ldl -lgcc --as-needed -lgcc_s --no-as-needed -lc -lgcc --as-needed -lgcc_s --no-as-needed /usr/lib/gcc/x86_64-linux-gnu/11/crtend.o /usr/lib/gcc/x86_64-linux-gnu/11/../../../x86_64-linux-gnu/crtn.o
ld.lld: error: undefined symbol: main
... rest of stderr output deleted ...
configure:4853: $? = 1
configure:4842: /libfuzzpp/fuzzers/aflplusplus_lto_asan/repo/afl-clang-lto -V >&5
clang: error: unsupported option '-V -U_FORTIFY_SOURCE'
configure:4853: $? = 1
configure:4842: /libfuzzpp/fuzzers/aflplusplus_lto_asan/repo/afl-clang-lto -qversion >&5
clang: error: unknown argument '-qversion'; did you mean '--version'?
configure:4853: $? = 1
configure:4842: /libfuzzpp/fuzzers/aflplusplus_lto_asan/repo/afl-clang-lto -version >&5
clang: error: unknown argument '-version'; did you mean '--version'?
configure:4853: $? = 1
configure:4873: checking whether the C compiler works
configure:4895: /libfuzzpp/fuzzers/aflplusplus_lto_asan/repo/afl-clang-lto -g -O  -L/libfuzzpp_out -g -L/libfuzzpp_out/afl conftest.c -lrt -lstdc++ /libfuzzpp/fuzzers/aflplusplus_lto_asan/repo/utils/aflpp_driver/libAFLDriver.a >&5
configure:4899: $? = 0
configure:4949: result: yes
configure:4952: checking for C compiler default output file name
configure:4954: result: a.out
configure:4960: checking for suffix of executables
configure:4967: /libfuzzpp/fuzzers/aflplusplus_lto_asan/repo/afl-clang-lto -o conftest -g -O  -L/libfuzzpp_out -g -L/libfuzzpp_out/afl conftest.c -lrt -lstdc++ /libfuzzpp/fuzzers/aflplusplus_lto_asan/repo/utils/aflpp_driver/libAFLDriver.a >&5
configure:4971: $? = 0
configure:4994: result: 
configure:5016: checking whether we are cross compiling
configure:5024: /libfuzzpp/fuzzers/aflplusplus_lto_asan/repo/afl-clang-lto -o conftest -g -O  -L/libfuzzpp_out -g -L/libfuzzpp_out/afl conftest.c -lrt -lstdc++ /libfuzzpp/fuzzers/aflplusplus_lto_asan/repo/utils/aflpp_driver/libAFLDriver.a >&5
configure:5028: $? = 0
configure:5035: ./conftest
==851==ERROR: AddressSanitizer failed to allocate 0x0 (0) bytes of SetAlternateSignalStack (error code: 22)
==851==Process memory map follows:
	0x000000200000-0x000000253000	/libfuzzpp/targets/libtiff/repo/conftest
	0x000000253000-0x000000301000	/libfuzzpp/targets/libtiff/repo/conftest
	0x000000301000-0x000000305000	/libfuzzpp/targets/libtiff/repo/conftest
	0x000000305000-0x000000309000	/libfuzzpp/targets/libtiff/repo/conftest
	0x000000309000-0x000000daf000	
	0x00007fff7000-0x00008fff7000	
	0x00008fff7000-0x02008fff7000	
	0x02008fff7000-0x10007fff8000	
	0x7fc35e252000-0x7fc35e5bc000	
	0x7fc35e5bc000-0x7fc35e5e4000	/usr/lib/x86_64-linux-gnu/libc.so.6
	0x7fc35e5e4000-0x7fc35e779000	/usr/lib/x86_64-linux-gnu/libc.so.6
	0x7fc35e779000-0x7fc35e7d1000	/usr/lib/x86_64-linux-gnu/libc.so.6
	0x7fc35e7d1000-0x7fc35e7d5000	/usr/lib/x86_64-linux-gnu/libc.so.6
	0x7fc35e7d5000-0x7fc35e7d7000	/usr/lib/x86_64-linux-gnu/libc.so.6
	0x7fc35e7d7000-0x7fc35e7e4000	
	0x7fc35e7e4000-0x7fc35e7e7000	/usr/lib/x86_64-linux-gnu/libgcc_s.so.1
	0x7fc35e7e7000-0x7fc35e7fe000	/usr/lib/x86_64-linux-gnu/libgcc_s.so.1
	0x7fc35e7fe000-0x7fc35e802000	/usr/lib/x86_64-linux-gnu/libgcc_s.so.1
	0x7fc35e802000-0x7fc35e803000	/usr/lib/x86_64-linux-gnu/libgcc_s.so.1
	0x7fc35e803000-0x7fc35e804000	/usr/lib/x86_64-linux-gnu/libgcc_s.so.1
	0x7fc35e804000-0x7fc35e812000	/usr/lib/x86_64-linux-gnu/libm.so.6
	0x7fc35e812000-0x7fc35e88e000	/usr/lib/x86_64-linux-gnu/libm.so.6
	0x7fc35e88e000-0x7fc35e8e9000	/usr/lib/x86_64-linux-gnu/libm.so.6
	0x7fc35e8e9000-0x7fc35e8ea000	/usr/lib/x86_64-linux-gnu/libm.so.6
	0x7fc35e8ea000-0x7fc35e8eb000	/usr/lib/x86_64-linux-gnu/libm.so.6
	0x7fc35e8eb000-0x7fc35e985000	/usr/lib/x86_64-linux-gnu/libstdc++.so.6.0.30
	0x7fc35e985000-0x7fc35ea96000	/usr/lib/x86_64-linux-gnu/libstdc++.so.6.0.30
	0x7fc35ea96000-0x7fc35eb06000	/usr/lib/x86_64-linux-gnu/libstdc++.so.6.0.30
	0x7fc35eb06000-0x7fc35eb11000	/usr/lib/x86_64-linux-gnu/libstdc++.so.6.0.30
	0x7fc35eb11000-0x7fc35eb14000	/usr/lib/x86_64-linux-gnu/libstdc++.so.6.0.30
	0x7fc35eb14000-0x7fc35eb1d000	
	0x7fc35eb1d000-0x7fc35eb1f000	/usr/lib/x86_64-linux-gnu/ld-linux-x86-64.so.2
	0x7fc35eb1f000-0x7fc35eb49000	/usr/lib/x86_64-linux-gnu/ld-linux-x86-64.so.2
	0x7fc35eb49000-0x7fc35eb54000	/usr/lib/x86_64-linux-gnu/ld-linux-x86-64.so.2
	0x7fc35eb54000-0x7fc35eb55000	
	0x7fc35eb55000-0x7fc35eb57000	/usr/lib/x86_64-linux-gnu/ld-linux-x86-64.so.2
	0x7fc35eb57000-0x7fc35eb59000	/usr/lib/x86_64-linux-gnu/ld-linux-x86-64.so.2
	0x7ffd5d0ea000-0x7ffd5d10b000	[stack]
	0x7ffd5d185000-0x7ffd5d189000	[vvar]
	0x7ffd5d189000-0x7ffd5d18b000	[vdso]
	0xffffffffff600000-0xffffffffff601000	[vsyscall]
==851==End of process memory map.
==851==AddressSanitizer CHECK failed: /build/llvm-toolchain-11-mnvtwk/llvm-toolchain-11-11.1.0/compiler-rt/lib/sanitizer_common/sanitizer_common.cpp:54 "((0 && "unable to mmap")) != (0)" (0x0, 0x0)
    <empty stack>

configure:5039: $? = 1
configure:5046: error: in `/libfuzzpp/targets/libtiff/repo':
configure:5048: error: cannot run C compiled programs.
If you meant to cross compile, use `--host'.
See `config.log' for more details

## ---------------- ##
## Cache variables. ##
## ---------------- ##

ac_cv_build=x86_64-pc-linux-gnu
ac_cv_env_CCC_set=
ac_cv_env_CCC_value=
ac_cv_env_CC_set=set
ac_cv_env_CC_value=/libfuzzpp/fuzzers/aflplusplus_lto_asan/repo/afl-clang-lto
ac_cv_env_CFLAGS_set=set
ac_cv_env_CFLAGS_value='-g -O'
ac_cv_env_CPPFLAGS_set=
ac_cv_env_CPPFLAGS_value=
ac_cv_env_CPP_set=
ac_cv_env_CPP_value=
ac_cv_env_CXXCPP_set=
ac_cv_env_CXXCPP_value=
ac_cv_env_CXXFLAGS_set=set
ac_cv_env_CXXFLAGS_value='-g -O'
ac_cv_env_CXX_set=set
ac_cv_env_CXX_value=/libfuzzpp/fuzzers/aflplusplus_lto_asan/repo/afl-clang-lto++
ac_cv_env_LDFLAGS_set=set
ac_cv_env_LDFLAGS_value='-L/libfuzzpp_out -g -L/libfuzzpp_out/afl'
ac_cv_env_LIBS_set=set
ac_cv_env_LIBS_value='-lrt -lstdc++ /libfuzzpp/fuzzers/aflplusplus_lto_asan/repo/utils/aflpp_driver/libAFLDriver.a'
ac_cv_env_LT_SYS_LIBRARY_PATH_set=
ac_cv_env_LT_SYS_LIBRARY_PATH_value=
ac_cv_env_XMKMF_set=
ac_cv_env_XMKMF_value=
ac_cv_env_build_alias_set=
ac_cv_env_build_alias_value=
ac_cv_env_host_alias_set=
ac_cv_env_host_alias_value=
ac_cv_env_target_alias_set=
ac_cv_env_target_alias_value=
ac_cv_host=x86_64-pc-linux-gnu
ac_cv_path_install='/usr/bin/install -c'
ac_cv_path_mkdir=/usr/bin/mkdir
ac_cv_prog_AWK=mawk
ac_cv_prog_ac_ct_CC=/libfuzzpp/fuzzers/aflplusplus_lto_asan/repo/afl-clang-lto
ac_cv_prog_make_make_set=yes
am_cv_make_support_nested_variables=yes
am_cv_prog_tar_ustar=gnutar

## ----------------- ##
## Output variables. ##
## ----------------- ##

ACLOCAL='${SHELL} '\''/libfuzzpp/targets/libtiff/repo/config/missing'\'' aclocal-1.16'
AMDEPBACKSLASH='\'
AMDEP_FALSE='#'
AMDEP_TRUE=''
AMTAR='$${TAR-tar}'
AM_BACKSLASH='\'
AM_DEFAULT_V='$(AM_DEFAULT_VERBOSITY)'
AM_DEFAULT_VERBOSITY='1'
AM_V='$(V)'
AR='/usr/lib/llvm-11/bin/llvm-ar'
AS='/usr/lib/llvm-11/bin/llvm-as'
AUTOCONF='${SHELL} '\''/libfuzzpp/targets/libtiff/repo/config/missing'\'' autoconf'
AUTOHEADER='${SHELL} '\''/libfuzzpp/targets/libtiff/repo/config/missing'\'' autoheader'
AUTOMAKE='${SHELL} '\''/libfuzzpp/targets/libtiff/repo/config/missing'\'' automake-1.16'
AWK='mawk'
CC='/libfuzzpp/fuzzers/aflplusplus_lto_asan/repo/afl-clang-lto'
CCDEPMODE=''
CFLAGS='-g -O'
CMAKE=''
CPP=''
CPPFLAGS=''
CSCOPE='cscope'
CTAGS='ctags'
CXX='/libfuzzpp/fuzzers/aflplusplus_lto_asan/repo/afl-clang-lto++'
CXXCPP=''
CXXDEPMODE=''
CXXFLAGS='-g -O'
CYGPATH_W='echo'
DEFS=''
DEPDIR='.deps'
DLLTOOL=''
DSYMUTIL=''
DUMPBIN=''
ECHO_C=''
ECHO_N='-n'
ECHO_T=''
EGREP=''
ETAGS='etags'
EXEEXT=''
FGREP=''
GLUT_CFLAGS=''
GLUT_LIBS=''
GLU_CFLAGS=''
GLU_LIBS=''
GL_CFLAGS=''
GL_LIBS=''
GREP=''
HAVE_CXX_FALSE=''
HAVE_CXX_TRUE=''
HAVE_JBIG_FALSE=''
HAVE_JBIG_TRUE=''
HAVE_JPEG_FALSE=''
HAVE_JPEG_TRUE=''
HAVE_LD_VERSION_SCRIPT_FALSE=''
HAVE_LD_VERSION_SCRIPT_TRUE=''
HAVE_LERC_FALSE=''
HAVE_LERC_TRUE=''
HAVE_LZMA_FALSE=''
HAVE_LZMA_TRUE=''
HAVE_OPENGL_FALSE=''
HAVE_OPENGL_TRUE=''
HAVE_RPATH_FALSE=''
HAVE_RPATH_TRUE=''
HAVE_WEBP_FALSE=''
HAVE_WEBP_TRUE=''
HAVE_ZSTD_FALSE=''
HAVE_ZSTD_TRUE=''
INSTALL_DATA='${INSTALL} -m 644'
INSTALL_PROGRAM='${INSTALL}'
INSTALL_SCRIPT='${INSTALL}'
INSTALL_STRIP_PROGRAM='$(install_sh) -c -s'
LD='/usr/lib/llvm-11/bin/ld.lld'
LDFLAGS='-L/libfuzzpp_out -g -L/libfuzzpp_out/afl'
LIBDIR=''
LIBOBJS=''
LIBS='-lrt -lstdc++ /libfuzzpp/fuzzers/aflplusplus_lto_asan/repo/utils/aflpp_driver/libAFLDriver.a'
LIBTIFF_ALPHA_VERSION=''
LIBTIFF_DOCDIR=''
LIBTIFF_MAJOR_VERSION='4'
LIBTIFF_MICRO_VERSION='0'
LIBTIFF_MINOR_VERSION='3'
LIBTIFF_RELEASE_DATE='20220406'
LIBTIFF_VERSION='4.3.0'
LIBTIFF_VERSION_INFO='12:0:7'
LIBTOOL=''
LIPO=''
LN_S=''
LTLIBOBJS=''
LT_SYS_LIBRARY_PATH=''
MAINT='#'
MAINTAINER_MODE_FALSE=''
MAINTAINER_MODE_TRUE='#'
MAKEINFO='${SHELL} '\''/libfuzzpp/targets/libtiff/repo/config/missing'\'' makeinfo'
MANIFEST_TOOL=''
MKDIR_P='/usr/bin/mkdir -p'
NM='/usr/lib/llvm-11/bin/llvm-nm'
NMEDIT=''
OBJDUMP=''
OBJEXT=''
OTOOL64=''
OTOOL=''
PACKAGE='tiff'
PACKAGE_BUGREPORT='tiff@lists.maptools.org'
PACKAGE_NAME='LibTIFF Software'
PACKAGE_STRING='LibTIFF Software 4.3.0'
PACKAGE_TARNAME='tiff'
PACKAGE_URL=''
PACKAGE_VERSION='4.3.0'
PATH_SEPARATOR=':'
PTHREAD_CC=''
PTHREAD_CFLAGS=''
PTHREAD_LIBS=''
RANLIB='/usr/lib/llvm-11/bin/llvm-ranlib'
SED=''
SET_MAKE=''
SHELL='/bin/bash'
STRIP=''
VERSION='4.3.0'
WIN32_IO_FALSE=''
WIN32_IO_TRUE=''
XMKMF=''
X_CFLAGS=''
X_EXTRA_LIBS=''
X_LIBS=''
X_PRE_LIBS=''
ac_ct_AR=''
ac_ct_CC='/libfuzzpp/fuzzers/aflplusplus_lto_asan/repo/afl-clang-lto'
ac_ct_CXX=''
ac_ct_DUMPBIN=''
am__EXEEXT_FALSE=''
am__EXEEXT_TRUE=''
am__fastdepCC_FALSE=''
am__fastdepCC_TRUE=''
am__fastdepCXX_FALSE=''
am__fastdepCXX_TRUE=''
am__include='include'
am__isrc=''
am__leading_dot='.'
am__nodep='_no'
am__quote=''
am__tar='tar --format=ustar -chf - "$$tardir"'
am__untar='tar -xf -'
ax_pthread_config=''
bindir='${exec_prefix}/bin'
build='x86_64-pc-linux-gnu'
build_alias=''
build_cpu='x86_64'
build_os='linux-gnu'
build_vendor='pc'
datadir='${datarootdir}'
datarootdir='${prefix}/share'
docdir='${datarootdir}/doc/${PACKAGE_TARNAME}'
dvidir='${docdir}'
exec_prefix='NONE'
host='x86_64-pc-linux-gnu'
host_alias=''
host_cpu='x86_64'
host_os='linux-gnu'
host_vendor='pc'
htmldir='${docdir}'
includedir='${prefix}/include'
infodir='${datarootdir}/info'
install_sh='${SHELL} /libfuzzpp/targets/libtiff/repo/config/install-sh'
libdir='${exec_prefix}/lib'
libexecdir='${exec_prefix}/libexec'
localedir='${datarootdir}/locale'
localstatedir='${prefix}/var'
mandir='${datarootdir}/man'
mkdir_p='$(MKDIR_P)'
oldincludedir='/usr/include'
pdfdir='${docdir}'
prefix='/libfuzzpp/targets/libtiff/work'
program_transform_name='s,x,x,'
psdir='${docdir}'
runstatedir='${localstatedir}/run'
sbindir='${exec_prefix}/sbin'
sharedstatedir='${prefix}/com'
sysconfdir='${prefix}/etc'
target_alias=''
tiff_libs_private=''

## ----------- ##
## confdefs.h. ##
## ----------- ##

/* confdefs.h */
#define PACKAGE_NAME "LibTIFF Software"
#define PACKAGE_TARNAME "tiff"
#define PACKAGE_VERSION "4.3.0"
#define PACKAGE_STRING "LibTIFF Software 4.3.0"
#define PACKAGE_BUGREPORT "tiff@lists.maptools.org"
#define PACKAGE_URL ""
#define PACKAGE "tiff"
#define VERSION "4.3.0"

configure: exit 77
